0 info it worked if it ends with ok
1 verbose cli [ 'node', '/usr/local/bin/npm', 'run-script', 'compile' ]
2 info using npm@2.7.0
3 info using node@v0.10.26
4 verbose run-script [ 'precompile', 'compile', 'postcompile' ]
5 info precompile a1atscript@0.1.4
6 info compile a1atscript@0.1.4
7 verbose unsafe-perm in lifecycle true
8 info a1atscript@0.1.4 Failed to exec compile script
9 verbose stack Error: a1atscript@0.1.4 compile: `traceur --out dist/a1atscript.es5.js src/a1atscript.js`
9 verbose stack Exit status 1
9 verbose stack     at EventEmitter.<anonymous> (/usr/local/lib/node_modules/npm/lib/utils/lifecycle.js:213:16)
9 verbose stack     at EventEmitter.emit (events.js:98:17)
9 verbose stack     at ChildProcess.<anonymous> (/usr/local/lib/node_modules/npm/lib/utils/spawn.js:14:12)
9 verbose stack     at ChildProcess.EventEmitter.emit (events.js:98:17)
9 verbose stack     at maybeClose (child_process.js:743:16)
9 verbose stack     at Process.ChildProcess._handle.onexit (child_process.js:810:5)
10 verbose pkgid a1atscript@0.1.4
11 verbose cwd /Users/hannah/projects/a1atscript
12 error Darwin 14.1.0
13 error argv "node" "/usr/local/bin/npm" "run-script" "compile"
14 error node v0.10.26
15 error npm  v2.7.0
16 error code ELIFECYCLE
17 error a1atscript@0.1.4 compile: `traceur --out dist/a1atscript.es5.js src/a1atscript.js`
17 error Exit status 1
18 error Failed at the a1atscript@0.1.4 compile script 'traceur --out dist/a1atscript.es5.js src/a1atscript.js'.
18 error This is most likely a problem with the a1atscript package,
18 error not with npm itself.
18 error Tell the author that this fails on your system:
18 error     traceur --out dist/a1atscript.es5.js src/a1atscript.js
18 error You can get their info via:
18 error     npm owner ls a1atscript
18 error There is likely additional logging output above.
19 verbose exit [ 1, true ]
